app/build/outputs/logs/manifest-merger-debug-report.txt
-- Merging decision tree log ---
manifest
ADDED from src\main\AndroidManifest.xml:2:1-59:12
	package
		ADDED from src\main\AndroidManifest.xml:3:7-49
		INJECTED from src\main\AndroidManifest.xml
		INJECTED from src\main\AndroidManifest.xml
	android:versionName
		ADDED from src\main\AndroidManifest.xml:5:7-32
		INJECTED from src\main\AndroidManifest.xml
		INJECTED from src\main\AndroidManifest.xml
	android:versionCode
		ADDED from src\main\AndroidManifest.xml:4:7-30
		INJECTED from src\main\AndroidManifest.xml
		INJECTED from src\main\AndroidManifest.xml
	xmlns:android
		ADDED from src\main\AndroidManifest.xml:2:11-69
uses-sdk
ADDED from src\main\AndroidManifest.xml:7:5-42
	android:targetSdkVersion
		INJECTED from src\main\AndroidManifest.xml
		INJECTED from src\main\AndroidManifest.xml
	android:minSdkVersion
		ADDED from src\main\AndroidManifest.xml:7:15-40
		INJECTED from src\main\AndroidManifest.xml
		INJECTED from src\main\AndroidManifest.xml
uses-permission#android.permission.PROCESS_OUTGOING_CALLS
ADDED from src\main\AndroidManifest.xml:9:5-80
	android:name
		ADDED from src\main\AndroidManifest.xml:9:22-78
uses-permission#android.permission.READ_PHONE_STATE
ADDED from src\main\AndroidManifest.xml:10:5-74
	android:name
		ADDED from src\main\AndroidManifest.xml:10:22-72
uses-permission#android.permission.RECORD_AUDIO
ADDED from src\main\AndroidManifest.xml:11:5-70
	android:name
		ADDED from src\main\AndroidManifest.xml:11:22-68
uses-permission#android.permission.WRITE_EXTERNAL_STORAGE
ADDED from src\main\AndroidManifest.xml:12:5-80
	android:name
		ADDED from src\main\AndroidManifest.xml:12:22-78
application
ADDED from src\main\AndroidManifest.xml:14:5-58:19
	android:label
		ADDED from src\main\AndroidManifest.xml:14:18-50
	android:icon
		ADDED from src\main\AndroidManifest.xml:14:51-80
provider#com.talentcodeworks.callrecorder.RecordingProvider
ADDED from src\main\AndroidManifest.xml:15:9-16:76
	android:authorities
		ADDED from src\main\AndroidManifest.xml:16:19-73
	android:name
		ADDED from src\main\AndroidManifest.xml:15:19-52
receiver#com.talentcodeworks.callrecorder.CallBroadcastReceiver
ADDED from src\main\AndroidManifest.xml:17:9-25:20
	android:enabled
		ADDED from src\main\AndroidManifest.xml:18:19-41
	android:exported
		ADDED from src\main\AndroidManifest.xml:19:19-42
	android:name
		ADDED from src\main\AndroidManifest.xml:17:19-56
intent-filter#android.intent.action.NEW_OUTGOING_CALL+android.intent.action.PHONE_STATE
ADDED from src\main\AndroidManifest.xml:20:11-24:27
action#android.intent.action.NEW_OUTGOING_CALL
ADDED from src\main\AndroidManifest.xml:21:13-78
	android:name
		ADDED from src\main\AndroidManifest.xml:21:21-75
action#android.intent.action.PHONE_STATE
ADDED from src\main\AndroidManifest.xml:22:13-72
	android:name
		ADDED from src\main\AndroidManifest.xml:22:21-69
activity#com.talentcodeworks.callrecorder.CallRecorder
ADDED from src\main\AndroidManifest.xml:27:9-33:20
	android:label
		ADDED from src\main\AndroidManifest.xml:28:19-51
	android:name
		ADDED from src\main\AndroidManifest.xml:27:19-47
intent-filter#android.intent.action.MAIN+android.intent.category.LAUNCHER
ADDED from src\main\AndroidManifest.xml:29:13-32:29
action#android.intent.action.MAIN
ADDED from src\main\AndroidManifest.xml:30:17-69
	android:name
		ADDED from src\main\AndroidManifest.xml:30:25-66
category#android.intent.category.LAUNCHER
ADDED from src\main\AndroidManifest.xml:31:17-77
	android:name
		ADDED from src\main\AndroidManifest.xml:31:27-74
activity#com.talentcodeworks.callrecorder.CallLog
ADDED from src\main\AndroidManifest.xml:35:9-37:20
	android:label
		ADDED from src\main\AndroidManifest.xml:36:19-42
	android:name
		ADDED from src\main\AndroidManifest.xml:35:19-42
activity#com.talentcodeworks.callrecorder.CallPlayer
ADDED from src\main\AndroidManifest.xml:39:9-45:20
	android:label
		ADDED from src\main\AndroidManifest.xml:40:19-45
	android:name
		ADDED from src\main\AndroidManifest.xml:39:19-45
intent-filter#android.intent.action.VIEW
ADDED from src\main\AndroidManifest.xml:41:11-44:27
action#android.intent.action.VIEW
ADDED from src\main\AndroidManifest.xml:42:13-65
	android:name
		ADDED from src\main\AndroidManifest.xml:42:21-62
data
ADDED from src\main\AndroidManifest.xml:43:13-48
	android:mimeType
		ADDED from src\main\AndroidManifest.xml:43:19-45
activity#com.talentcodeworks.callrecorder.Preferences
ADDED from src\main\AndroidManifest.xml:47:9-51:20
	android:name
		ADDED from src\main\AndroidManifest.xml:47:19-46
intent-filter#com.talentcodeworks.callrecorder.ACTION_USER_PREFERENCE
ADDED from src\main\AndroidManifest.xml:48:13-50:29
action#com.talentcodeworks.callrecorder.ACTION_USER_PREFERENCE
ADDED from src\main\AndroidManifest.xml:49:17-98
	android:name
		ADDED from src\main\AndroidManifest.xml:49:25-95
service#com.talentcodeworks.callrecorder.RecordService
ADDED from src\main\AndroidManifest.xml:53:9-54:19
	android:name
		ADDED from src\main\AndroidManifest.xml:53:18-47
service#com.talentcodeworks.callrecorder.PlayService
ADDED from src\main\AndroidManifest.xml:56:9-57:19
	android:name
		ADDED from src\main\AndroidManifest.xml:56:18-45